Copyright 1986-2019 Xilinx, Inc. All Rights Reserved.
------------------------------------------------------------------------------------
| Tool Version : Vivado v.2019.1 (win64) Build 2552052 Fri May 24 14:49:42 MDT 2019
| Date         : Fri Sep 27 09:06:34 2019
| Host         : PC-201805041311 running 64-bit major release  (build 9200)
| Command      : upgrade_ip
| Device       : xc7a100tfgg484-2
------------------------------------------------------------------------------------

Upgrade Log for IP 'udp_tx_data_fifo'

1. Summary
----------

SUCCESS in the upgrade of udp_tx_data_fifo (xilinx.com:ip:fifo_generator:13.2) from (Rev. 1) to (Rev. 4)






Copyright 1986-2019 Xilinx, Inc. All Rights Reserved.
------------------------------------------------------------------------------------
| Tool Version : Vivado v.2019.1 (win64) Build 2552052 Fri May 24 14:49:42 MDT 2019
| Date         : Fri Sep 27 09:06:33 2019
| Host         : PC-201805041311 running 64-bit major release  (build 9200)
| Command      : upgrade_ip
| Device       : xc7a100tfgg484-2
------------------------------------------------------------------------------------

Upgrade Log for IP 'udp_rx_ram_8_2048'

1. Summary
----------

SUCCESS in the upgrade of udp_rx_ram_8_2048 (xilinx.com:ip:blk_mem_gen:8.4) from (Rev. 1) to (Rev. 3)






Copyright 1986-2019 Xilinx, Inc. All Rights Reserved.
------------------------------------------------------------------------------------
| Tool Version : Vivado v.2019.1 (win64) Build 2552052 Fri May 24 14:49:42 MDT 2019
| Date         : Fri Sep 27 09:06:31 2019
| Host         : PC-201805041311 running 64-bit major release  (build 9200)
| Command      : upgrade_ip
| Device       : xc7a100tfgg484-2
------------------------------------------------------------------------------------

Upgrade Log for IP 'udp_checksum_fifo'

1. Summary
----------

SUCCESS in the upgrade of udp_checksum_fifo (xilinx.com:ip:fifo_generator:13.2) from (Rev. 1) to (Rev. 4)






Copyright 1986-2019 Xilinx, Inc. All Rights Reserved.
------------------------------------------------------------------------------------
| Tool Version : Vivado v.2019.1 (win64) Build 2552052 Fri May 24 14:49:42 MDT 2019
| Date         : Fri Sep 27 09:06:29 2019
| Host         : PC-201805041311 running 64-bit major release  (build 9200)
| Command      : upgrade_ip
| Device       : xc7a100tfgg484-2
------------------------------------------------------------------------------------

Upgrade Log for IP 'len_fifo'

1. Summary
----------

SUCCESS in the upgrade of len_fifo (xilinx.com:ip:fifo_generator:13.2) from (Rev. 1) to (Rev. 4)






Copyright 1986-2019 Xilinx, Inc. All Rights Reserved.
------------------------------------------------------------------------------------
| Tool Version : Vivado v.2019.1 (win64) Build 2552052 Fri May 24 14:49:42 MDT 2019
| Date         : Fri Sep 27 09:06:28 2019
| Host         : PC-201805041311 running 64-bit major release  (build 9200)
| Command      : upgrade_ip
| Device       : xc7a100tfgg484-2
------------------------------------------------------------------------------------

Upgrade Log for IP 'icmp_rx_ram_8_256'

1. Summary
----------

SUCCESS in the upgrade of icmp_rx_ram_8_256 (xilinx.com:ip:blk_mem_gen:8.4) from (Rev. 1) to (Rev. 3)






Copyright 1986-2019 Xilinx, Inc. All Rights Reserved.
------------------------------------------------------------------------------------
| Tool Version : Vivado v.2019.1 (win64) Build 2552052 Fri May 24 14:49:42 MDT 2019
| Date         : Fri Sep 27 09:06:25 2019
| Host         : PC-201805041311 running 64-bit major release  (build 9200)
| Command      : upgrade_ip
| Device       : xc7a100tfgg484-2
------------------------------------------------------------------------------------

Upgrade Log for IP 'eth_data_fifo'

1. Summary
----------

SUCCESS in the upgrade of eth_data_fifo (xilinx.com:ip:fifo_generator:13.2) from (Rev. 1) to (Rev. 4)






Copyright 1986-2019 Xilinx, Inc. All Rights Reserved.
------------------------------------------------------------------------------------
| Tool Version : Vivado v.2019.1 (win64) Build 2552052 Fri May 24 14:49:42 MDT 2019
| Date         : Fri Sep 27 09:06:23 2019
| Host         : PC-201805041311 running 64-bit major release  (build 9200)
| Command      : upgrade_ip
| Device       : xc7a100tfgg484-2
------------------------------------------------------------------------------------

Upgrade Log for IP 'clk_50m'

1. Summary
----------

SUCCESS in the upgrade of clk_50m from xilinx.com:ip:clk_wiz:5.4 (Rev. 3) to xilinx.com:ip:clk_wiz:6.0 (Rev. 3)






Copyright 1986-2017 Xilinx, Inc. All Rights Reserved.
------------------------------------------------------------------------------------
| Tool Version : Vivado v.2017.4 (win64) Build 2086221 Fri Dec 15 20:55:39 MST 2017
| Date         : Mon Dec 24 13:27:23 2018
| Host         : PC-201805041311 running 64-bit major release  (build 9200)
| Command      : upgrade_ip
| Device       : xc7a100tfgg484-2
------------------------------------------------------------------------------------

Upgrade Log for IP 'len_fifo'

1. Summary
----------

SUCCESS in the conversion of len_fifo (xilinx.com:ip:fifo_generator:13.2 (Rev. 1)) to Vivado generation flows.






Copyright 1986-2017 Xilinx, Inc. All Rights Reserved.
------------------------------------------------------------------------------------
| Tool Version : Vivado v.2017.4 (win64) Build 2086221 Fri Dec 15 20:55:39 MST 2017
| Date         : Mon Dec 24 13:27:20 2018
| Host         : PC-201805041311 running 64-bit major release  (build 9200)
| Command      : upgrade_ip
| Device       : xc7a100tfgg484-2
------------------------------------------------------------------------------------

Upgrade Log for IP 'eth_data_fifo'

1. Summary
----------

SUCCESS in the conversion of eth_data_fifo (xilinx.com:ip:fifo_generator:13.2 (Rev. 1)) to Vivado generation flows.

