#-----------------------------------------------------------
# Vivado v2019.1 (64-bit)
# SW Build 2552052 on Fri May 24 14:49:42 MDT 2019
# IP Build 2548770 on Fri May 24 18:01:18 MDT 2019
# Start of session at: Wed Dec  1 16:05:26 2021
# Process ID: 13512
# Current directory: D:/Work/Embedded/FPGA/Program/MAC/prj/ethernet_test/rgmii_ethernet
# Command line: vivado.exe -gui_launcher_event rodinguilauncherevent7588 D:\Work\Embedded\FPGA\Program\MAC\prj\ethernet_test\rgmii_ethernet\eth_test.xpr
# Log file: D:/Work/Embedded/FPGA/Program/MAC/prj/ethernet_test/rgmii_ethernet/vivado.log
# Journal file: D:/Work/Embedded/FPGA/Program/MAC/prj/ethernet_test/rgmii_ethernet\vivado.jou
#-----------------------------------------------------------
start_gui
open_project D:/Work/Embedded/FPGA/Program/MAC/prj/ethernet_test/rgmii_ethernet/eth_test.xpr
INFO: [Project 1-313] Project file moved from 'I:/ax7101_2019.1/demo/17_ethernet_test/rgmii_ethernet' since last save.
Scanning sources...
Finished scanning sources
INFO: [IP_Flow 19-234] Refreshing IP repositories
INFO: [IP_Flow 19-1704] No user IP repositories specified
INFO: [IP_Flow 19-2313] Loaded Vivado IP repository 'C:/Soft/Xilinx/Vivado/2019.1/data/ip'.
open_project: Time (s): cpu = 00:00:10 ; elapsed = 00:00:07 . Memory (MB): peak = 865.930 ; gain = 196.719
update_compile_order -fileset sources_1
exit
INFO: [Common 17-206] Exiting Vivado at Wed Dec  1 16:06:21 2021...
