#-----------------------------------------------------------
# Vivado v2019.1 (64-bit)
# SW Build 2552052 on Fri May 24 14:49:42 MDT 2019
# IP Build 2548770 on Fri May 24 18:01:18 MDT 2019
# Start of session at: Tue Mar  1 15:57:33 2022
# Process ID: 28348
# Current directory: D:/Work/Embedded/FPGA/Program/MAC/prj/ethernet_test/rgmii_ethernet
# Command line: vivado.exe -gui_launcher_event rodinguilauncherevent24552 D:\Work\Embedded\FPGA\Program\MAC\prj\ethernet_test\rgmii_ethernet\eth_test.xpr
# Log file: D:/Work/Embedded/FPGA/Program/MAC/prj/ethernet_test/rgmii_ethernet/vivado.log
# Journal file: D:/Work/Embedded/FPGA/Program/MAC/prj/ethernet_test/rgmii_ethernet\vivado.jou
#-----------------------------------------------------------
start_gui
open_project D:/Work/Embedded/FPGA/Program/MAC/prj/ethernet_test/rgmii_ethernet/eth_test.xpr
Scanning sources...
Finished scanning sources
INFO: [IP_Flow 19-234] Refreshing IP repositories
INFO: [IP_Flow 19-1704] No user IP repositories specified
INFO: [IP_Flow 19-2313] Loaded Vivado IP repository 'C:/Soft/Xilinx/Vivado/2019.1/data/ip'.
WARNING: [IP_Flow 19-2162] IP 'eth_data_fifo' is locked:
* Current project part 'xc7z020clg484-2' and the part 'xc7a100tfgg484-2' used to customize the IP 'eth_data_fifo' do not match.
WARNING: [IP_Flow 19-2162] IP 'icmp_rx_ram_8_256' is locked:
* Current project part 'xc7z020clg484-2' and the part 'xc7a100tfgg484-2' used to customize the IP 'icmp_rx_ram_8_256' do not match.
WARNING: [IP_Flow 19-2162] IP 'len_fifo' is locked:
* Current project part 'xc7z020clg484-2' and the part 'xc7a100tfgg484-2' used to customize the IP 'len_fifo' do not match.
WARNING: [IP_Flow 19-2162] IP 'udp_checksum_fifo' is locked:
* Current project part 'xc7z020clg484-2' and the part 'xc7a100tfgg484-2' used to customize the IP 'udp_checksum_fifo' do not match.
WARNING: [IP_Flow 19-2162] IP 'udp_rx_ram_8_2048' is locked:
* Current project part 'xc7z020clg484-2' and the part 'xc7a100tfgg484-2' used to customize the IP 'udp_rx_ram_8_2048' do not match.
WARNING: [IP_Flow 19-2162] IP 'udp_tx_data_fifo' is locked:
* Current project part 'xc7z020clg484-2' and the part 'xc7a100tfgg484-2' used to customize the IP 'udp_tx_data_fifo' do not match.
open_project: Time (s): cpu = 00:00:09 ; elapsed = 00:00:06 . Memory (MB): peak = 867.641 ; gain = 142.684
update_compile_order -fileset sources_1
set_property -dict [list CONFIG.PRIM_SOURCE {Single_ended_clock_capable_pin}] [get_ips sys_clk]
generate_target all [get_files  D:/Work/Embedded/FPGA/Program/MAC/prj/ethernet_test/rgmii_ethernet/eth_test.srcs/sources_1/ip/sys_clk/sys_clk.xci]
INFO: [IP_Flow 19-1686] Generating 'Instantiation Template' target for IP 'sys_clk'...
INFO: [IP_Flow 19-1686] Generating 'Synthesis' target for IP 'sys_clk'...
INFO: [IP_Flow 19-1686] Generating 'Simulation' target for IP 'sys_clk'...
INFO: [IP_Flow 19-1686] Generating 'Implementation' target for IP 'sys_clk'...
INFO: [IP_Flow 19-1686] Generating 'Change Log' target for IP 'sys_clk'...
catch { config_ip_cache -export [get_ips -all sys_clk] }
INFO: [IP_Flow 19-4993] Using cached IP synthesis design for IP sys_clk, cache-ID = 72e98fda75ac3192; cache size = 2.070 MB.
catch { [ delete_ip_run [get_ips -all sys_clk] ] }
INFO: [Project 1-386] Moving file 'D:/Work/Embedded/FPGA/Program/MAC/prj/ethernet_test/rgmii_ethernet/eth_test.srcs/sources_1/ip/sys_clk/sys_clk.xci' from fileset 'sys_clk' to fileset 'sources_1'.
export_ip_user_files -of_objects [get_files D:/Work/Embedded/FPGA/Program/MAC/prj/ethernet_test/rgmii_ethernet/eth_test.srcs/sources_1/ip/sys_clk/sys_clk.xci] -no_script -sync -force -quiet
create_ip_run [get_files -of_objects [get_fileset sources_1] D:/Work/Embedded/FPGA/Program/MAC/prj/ethernet_test/rgmii_ethernet/eth_test.srcs/sources_1/ip/sys_clk/sys_clk.xci]
INFO: [Vivado 12-3453] The given sub-design is up-to-date, no action was taken.  If a run is still desired, use the '-force' option for the file:'D:/Work/Embedded/FPGA/Program/MAC/prj/ethernet_test/rgmii_ethernet/eth_test.srcs/sources_1/ip/sys_clk/sys_clk.xci'
export_simulation -of_objects [get_files D:/Work/Embedded/FPGA/Program/MAC/prj/ethernet_test/rgmii_ethernet/eth_test.srcs/sources_1/ip/sys_clk/sys_clk.xci] -directory D:/Work/Embedded/FPGA/Program/MAC/prj/ethernet_test/rgmii_ethernet/eth_test.ip_user_files/sim_scripts -ip_user_files_dir D:/Work/Embedded/FPGA/Program/MAC/prj/ethernet_test/rgmii_ethernet/eth_test.ip_user_files -ipstatic_source_dir D:/Work/Embedded/FPGA/Program/MAC/prj/ethernet_test/rgmii_ethernet/eth_test.ip_user_files/ipstatic -lib_map_path [list {modelsim=D:/Work/Embedded/FPGA/Program/MAC/prj/ethernet_test/rgmii_ethernet/eth_test.cache/compile_simlib/modelsim} {questa=D:/Work/Embedded/FPGA/Program/MAC/prj/ethernet_test/rgmii_ethernet/eth_test.cache/compile_simlib/questa} {riviera=D:/Work/Embedded/FPGA/Program/MAC/prj/ethernet_test/rgmii_ethernet/eth_test.cache/compile_simlib/riviera} {activehdl=D:/Work/Embedded/FPGA/Program/MAC/prj/ethernet_test/rgmii_ethernet/eth_test.cache/compile_simlib/activehdl}] -use_ip_compiled_libs -force -quiet
update_compile_order -fileset sources_1
reset_run eth_data_fifo_synth_1
reset_run icmp_rx_ram_8_256_synth_1
reset_run len_fifo_synth_1
reset_run udp_checksum_fifo_synth_1
reset_run udp_rx_ram_8_2048_synth_1
reset_run udp_tx_data_fifo_synth_1
reset_run synth_1
launch_runs synth_1 -jobs 16
INFO: [Vivado 12-4149] The synthesis checkpoint for IP 'D:/Work/Embedded/FPGA/Program/MAC/prj/ethernet_test/rgmii_ethernet/eth_test.srcs/sources_1/ip/sys_clk/sys_clk.xci' is already up-to-date
WARNING: [Project 1-577] IP run eth_data_fifo_synth_1 is available but is out of date. Since the IP is locked, the synthesis checkpoint cannot be updated. The out-of-date checkpoint will be used and it may result in incorrect behavior.
Please select 'Report IP Status' from the 'Tools/Report' menu or run the Tcl command 'report_ip_status' for more information.
WARNING: [Project 1-577] IP run icmp_rx_ram_8_256_synth_1 is available but is out of date. Since the IP is locked, the synthesis checkpoint cannot be updated. The out-of-date checkpoint will be used and it may result in incorrect behavior.
Please select 'Report IP Status' from the 'Tools/Report' menu or run the Tcl command 'report_ip_status' for more information.
WARNING: [Project 1-577] IP run len_fifo_synth_1 is available but is out of date. Since the IP is locked, the synthesis checkpoint cannot be updated. The out-of-date checkpoint will be used and it may result in incorrect behavior.
Please select 'Report IP Status' from the 'Tools/Report' menu or run the Tcl command 'report_ip_status' for more information.
WARNING: [Project 1-577] IP run udp_checksum_fifo_synth_1 is available but is out of date. Since the IP is locked, the synthesis checkpoint cannot be updated. The out-of-date checkpoint will be used and it may result in incorrect behavior.
Please select 'Report IP Status' from the 'Tools/Report' menu or run the Tcl command 'report_ip_status' for more information.
WARNING: [Project 1-577] IP run udp_rx_ram_8_2048_synth_1 is available but is out of date. Since the IP is locked, the synthesis checkpoint cannot be updated. The out-of-date checkpoint will be used and it may result in incorrect behavior.
Please select 'Report IP Status' from the 'Tools/Report' menu or run the Tcl command 'report_ip_status' for more information.
WARNING: [Project 1-577] IP run udp_tx_data_fifo_synth_1 is available but is out of date. Since the IP is locked, the synthesis checkpoint cannot be updated. The out-of-date checkpoint will be used and it may result in incorrect behavior.
Please select 'Report IP Status' from the 'Tools/Report' menu or run the Tcl command 'report_ip_status' for more information.
WARNING: [Runs 36-337] The following IPs are either missing output products or output products are not up-to-date for Synthesis target. Since these IPs are locked, no update to the output products can be done. 
Please select 'Report IP Status' from the 'Tools/Report' menu or run Tcl command 'report_ip_status' for more information.
D:/Work/Embedded/FPGA/Program/MAC/prj/ethernet_test/rgmii_ethernet/eth_test.srcs/sources_1/ip/eth_data_fifo/eth_data_fifo.xci

WARNING: [Runs 36-337] The following IPs are either missing output products or output products are not up-to-date for Synthesis target. Since these IPs are locked, no update to the output products can be done. 
Please select 'Report IP Status' from the 'Tools/Report' menu or run Tcl command 'report_ip_status' for more information.
D:/Work/Embedded/FPGA/Program/MAC/prj/ethernet_test/rgmii_ethernet/eth_test.srcs/sources_1/ip/icmp_rx_ram_8_256/icmp_rx_ram_8_256.xci

WARNING: [Runs 36-337] The following IPs are either missing output products or output products are not up-to-date for Synthesis target. Since these IPs are locked, no update to the output products can be done. 
Please select 'Report IP Status' from the 'Tools/Report' menu or run Tcl command 'report_ip_status' for more information.
D:/Work/Embedded/FPGA/Program/MAC/prj/ethernet_test/rgmii_ethernet/eth_test.srcs/sources_1/ip/len_fifo/len_fifo.xci

WARNING: [Runs 36-337] The following IPs are either missing output products or output products are not up-to-date for Synthesis target. Since these IPs are locked, no update to the output products can be done. 
Please select 'Report IP Status' from the 'Tools/Report' menu or run Tcl command 'report_ip_status' for more information.
D:/Work/Embedded/FPGA/Program/MAC/prj/ethernet_test/rgmii_ethernet/eth_test.srcs/sources_1/ip/udp_checksum_fifo/udp_checksum_fifo.xci

WARNING: [Runs 36-337] The following IPs are either missing output products or output products are not up-to-date for Synthesis target. Since these IPs are locked, no update to the output products can be done. 
Please select 'Report IP Status' from the 'Tools/Report' menu or run Tcl command 'report_ip_status' for more information.
D:/Work/Embedded/FPGA/Program/MAC/prj/ethernet_test/rgmii_ethernet/eth_test.srcs/sources_1/ip/udp_rx_ram_8_2048/udp_rx_ram_8_2048.xci

WARNING: [Runs 36-337] The following IPs are either missing output products or output products are not up-to-date for Synthesis target. Since these IPs are locked, no update to the output products can be done. 
Please select 'Report IP Status' from the 'Tools/Report' menu or run Tcl command 'report_ip_status' for more information.
D:/Work/Embedded/FPGA/Program/MAC/prj/ethernet_test/rgmii_ethernet/eth_test.srcs/sources_1/ip/udp_tx_data_fifo/udp_tx_data_fifo.xci

WARNING: [Project 1-576] IP 'D:/Work/Embedded/FPGA/Program/MAC/prj/ethernet_test/rgmii_ethernet/eth_test.srcs/sources_1/ip/eth_data_fifo/eth_data_fifo.xci' in run eth_data_fifo_synth_1 is locked, no out-of-context (OOC) run will be launched. The run may not be able to complete.
Please select 'Report IP Status' from 'Tools/Report' or run the Tcl command 'report_ip_status' for more information.
WARNING: [Project 1-576] IP 'D:/Work/Embedded/FPGA/Program/MAC/prj/ethernet_test/rgmii_ethernet/eth_test.srcs/sources_1/ip/icmp_rx_ram_8_256/icmp_rx_ram_8_256.xci' in run icmp_rx_ram_8_256_synth_1 is locked, no out-of-context (OOC) run will be launched. The run may not be able to complete.
Please select 'Report IP Status' from 'Tools/Report' or run the Tcl command 'report_ip_status' for more information.
WARNING: [Project 1-576] IP 'D:/Work/Embedded/FPGA/Program/MAC/prj/ethernet_test/rgmii_ethernet/eth_test.srcs/sources_1/ip/len_fifo/len_fifo.xci' in run len_fifo_synth_1 is locked, no out-of-context (OOC) run will be launched. The run may not be able to complete.
Please select 'Report IP Status' from 'Tools/Report' or run the Tcl command 'report_ip_status' for more information.
WARNING: [Project 1-576] IP 'D:/Work/Embedded/FPGA/Program/MAC/prj/ethernet_test/rgmii_ethernet/eth_test.srcs/sources_1/ip/udp_checksum_fifo/udp_checksum_fifo.xci' in run udp_checksum_fifo_synth_1 is locked, no out-of-context (OOC) run will be launched. The run may not be able to complete.
Please select 'Report IP Status' from 'Tools/Report' or run the Tcl command 'report_ip_status' for more information.
WARNING: [Project 1-576] IP 'D:/Work/Embedded/FPGA/Program/MAC/prj/ethernet_test/rgmii_ethernet/eth_test.srcs/sources_1/ip/udp_rx_ram_8_2048/udp_rx_ram_8_2048.xci' in run udp_rx_ram_8_2048_synth_1 is locked, no out-of-context (OOC) run will be launched. The run may not be able to complete.
Please select 'Report IP Status' from 'Tools/Report' or run the Tcl command 'report_ip_status' for more information.
WARNING: [Project 1-576] IP 'D:/Work/Embedded/FPGA/Program/MAC/prj/ethernet_test/rgmii_ethernet/eth_test.srcs/sources_1/ip/udp_tx_data_fifo/udp_tx_data_fifo.xci' in run udp_tx_data_fifo_synth_1 is locked, no out-of-context (OOC) run will be launched. The run may not be able to complete.
Please select 'Report IP Status' from 'Tools/Report' or run the Tcl command 'report_ip_status' for more information.
[Tue Mar  1 16:01:51 2022] Launched eth_data_fifo_synth_1, icmp_rx_ram_8_256_synth_1, len_fifo_synth_1, udp_checksum_fifo_synth_1, udp_rx_ram_8_2048_synth_1, udp_tx_data_fifo_synth_1...
Run output will be captured here:
eth_data_fifo_synth_1: D:/Work/Embedded/FPGA/Program/MAC/prj/ethernet_test/rgmii_ethernet/eth_test.runs/eth_data_fifo_synth_1/runme.log
icmp_rx_ram_8_256_synth_1: D:/Work/Embedded/FPGA/Program/MAC/prj/ethernet_test/rgmii_ethernet/eth_test.runs/icmp_rx_ram_8_256_synth_1/runme.log
len_fifo_synth_1: D:/Work/Embedded/FPGA/Program/MAC/prj/ethernet_test/rgmii_ethernet/eth_test.runs/len_fifo_synth_1/runme.log
udp_checksum_fifo_synth_1: D:/Work/Embedded/FPGA/Program/MAC/prj/ethernet_test/rgmii_ethernet/eth_test.runs/udp_checksum_fifo_synth_1/runme.log
udp_rx_ram_8_2048_synth_1: D:/Work/Embedded/FPGA/Program/MAC/prj/ethernet_test/rgmii_ethernet/eth_test.runs/udp_rx_ram_8_2048_synth_1/runme.log
udp_tx_data_fifo_synth_1: D:/Work/Embedded/FPGA/Program/MAC/prj/ethernet_test/rgmii_ethernet/eth_test.runs/udp_tx_data_fifo_synth_1/runme.log
[Tue Mar  1 16:01:52 2022] Launched synth_1...
Run output will be captured here: D:/Work/Embedded/FPGA/Program/MAC/prj/ethernet_test/rgmii_ethernet/eth_test.runs/synth_1/runme.log
open_run synth_1 -name synth_1
Design is defaulting to impl run constrset: constrs_1
Design is defaulting to synth run part: xc7z020clg484-2
INFO: [Device 21-403] Loading part xc7z020clg484-2
INFO: [Project 1-454] Reading design checkpoint 'd:/Work/Embedded/FPGA/Program/MAC/prj/ethernet_test/rgmii_ethernet/eth_test.srcs/sources_1/ip/sys_clk/sys_clk.dcp' for cell 'sys_clk_inst'
INFO: [Project 1-454] Reading design checkpoint 'd:/Work/Embedded/FPGA/Program/MAC/prj/ethernet_test/rgmii_ethernet/eth_test.srcs/sources_1/ip/eth_data_fifo/eth_data_fifo.dcp' for cell 'u1/arbi_inst/rx_buffer_inst/rx_fifo'
INFO: [Project 1-454] Reading design checkpoint 'd:/Work/Embedded/FPGA/Program/MAC/prj/ethernet_test/rgmii_ethernet/eth_test.srcs/sources_1/ip/len_fifo/len_fifo.dcp' for cell 'u1/arbi_inst/rx_buffer_inst/rx_len_fifo'
INFO: [Project 1-454] Reading design checkpoint 'd:/Work/Embedded/FPGA/Program/MAC/prj/ethernet_test/rgmii_ethernet/eth_test.srcs/sources_1/ip/icmp_rx_ram_8_256/icmp_rx_ram_8_256.dcp' for cell 'u1/mac_test0/mac_top0/icmp0/icmp_receive_ram'
INFO: [Project 1-454] Reading design checkpoint 'd:/Work/Embedded/FPGA/Program/MAC/prj/ethernet_test/rgmii_ethernet/eth_test.srcs/sources_1/ip/udp_rx_ram_8_2048/udp_rx_ram_8_2048.dcp' for cell 'u1/mac_test0/mac_top0/mac_rx0/udp0/udp_receive_ram'
INFO: [Project 1-454] Reading design checkpoint 'd:/Work/Embedded/FPGA/Program/MAC/prj/ethernet_test/rgmii_ethernet/eth_test.srcs/sources_1/ip/udp_tx_data_fifo/udp_tx_data_fifo.dcp' for cell 'u1/mac_test0/mac_top0/mac_tx0/udp0/tx_data_fifo'
INFO: [Project 1-454] Reading design checkpoint 'd:/Work/Embedded/FPGA/Program/MAC/prj/ethernet_test/rgmii_ethernet/eth_test.srcs/sources_1/ip/udp_checksum_fifo/udp_checksum_fifo.dcp' for cell 'u1/mac_test0/mac_top0/mac_tx0/udp0/udp_tx_checksum'
INFO: [Netlist 29-17] Analyzing 2169 Unisim elements for replacement
INFO: [Netlist 29-28] Unisim Transformation completed in 0 CPU seconds
INFO: [Project 1-479] Netlist was created with Vivado 2019.1
INFO: [Project 1-570] Preparing netlist for logic optimization
Parsing XDC File [d:/Work/Embedded/FPGA/Program/MAC/prj/ethernet_test/rgmii_ethernet/eth_test.srcs/sources_1/ip/sys_clk/sys_clk_board.xdc] for cell 'sys_clk_inst/inst'
Finished Parsing XDC File [d:/Work/Embedded/FPGA/Program/MAC/prj/ethernet_test/rgmii_ethernet/eth_test.srcs/sources_1/ip/sys_clk/sys_clk_board.xdc] for cell 'sys_clk_inst/inst'
Parsing XDC File [d:/Work/Embedded/FPGA/Program/MAC/prj/ethernet_test/rgmii_ethernet/eth_test.srcs/sources_1/ip/sys_clk/sys_clk.xdc] for cell 'sys_clk_inst/inst'
INFO: [Timing 38-35] Done setting XDC timing constraints. [d:/Work/Embedded/FPGA/Program/MAC/prj/ethernet_test/rgmii_ethernet/eth_test.srcs/sources_1/ip/sys_clk/sys_clk.xdc:57]
INFO: [Timing 38-2] Deriving generated clocks [d:/Work/Embedded/FPGA/Program/MAC/prj/ethernet_test/rgmii_ethernet/eth_test.srcs/sources_1/ip/sys_clk/sys_clk.xdc:57]
get_clocks: Time (s): cpu = 00:00:08 ; elapsed = 00:00:08 . Memory (MB): peak = 1996.328 ; gain = 582.711
Finished Parsing XDC File [d:/Work/Embedded/FPGA/Program/MAC/prj/ethernet_test/rgmii_ethernet/eth_test.srcs/sources_1/ip/sys_clk/sys_clk.xdc] for cell 'sys_clk_inst/inst'
Parsing XDC File [d:/Work/Embedded/FPGA/Program/MAC/prj/ethernet_test/rgmii_ethernet/eth_test.srcs/sources_1/ip/eth_data_fifo/eth_data_fifo.xdc] for cell 'u1/arbi_inst/rx_buffer_inst/rx_fifo/U0'
Finished Parsing XDC File [d:/Work/Embedded/FPGA/Program/MAC/prj/ethernet_test/rgmii_ethernet/eth_test.srcs/sources_1/ip/eth_data_fifo/eth_data_fifo.xdc] for cell 'u1/arbi_inst/rx_buffer_inst/rx_fifo/U0'
Parsing XDC File [d:/Work/Embedded/FPGA/Program/MAC/prj/ethernet_test/rgmii_ethernet/eth_test.srcs/sources_1/ip/eth_data_fifo/eth_data_fifo.xdc] for cell 'u1/arbi_inst/tx_buffer_inst/tx_fifo/U0'
Finished Parsing XDC File [d:/Work/Embedded/FPGA/Program/MAC/prj/ethernet_test/rgmii_ethernet/eth_test.srcs/sources_1/ip/eth_data_fifo/eth_data_fifo.xdc] for cell 'u1/arbi_inst/tx_buffer_inst/tx_fifo/U0'
Parsing XDC File [d:/Work/Embedded/FPGA/Program/MAC/prj/ethernet_test/rgmii_ethernet/eth_test.srcs/sources_1/ip/eth_data_fifo/eth_data_fifo.xdc] for cell 'u2/arbi_inst/rx_buffer_inst/rx_fifo/U0'
Finished Parsing XDC File [d:/Work/Embedded/FPGA/Program/MAC/prj/ethernet_test/rgmii_ethernet/eth_test.srcs/sources_1/ip/eth_data_fifo/eth_data_fifo.xdc] for cell 'u2/arbi_inst/rx_buffer_inst/rx_fifo/U0'
Parsing XDC File [d:/Work/Embedded/FPGA/Program/MAC/prj/ethernet_test/rgmii_ethernet/eth_test.srcs/sources_1/ip/eth_data_fifo/eth_data_fifo.xdc] for cell 'u2/arbi_inst/tx_buffer_inst/tx_fifo/U0'
Finished Parsing XDC File [d:/Work/Embedded/FPGA/Program/MAC/prj/ethernet_test/rgmii_ethernet/eth_test.srcs/sources_1/ip/eth_data_fifo/eth_data_fifo.xdc] for cell 'u2/arbi_inst/tx_buffer_inst/tx_fifo/U0'
Parsing XDC File [d:/Work/Embedded/FPGA/Program/MAC/prj/ethernet_test/rgmii_ethernet/eth_test.srcs/sources_1/ip/eth_data_fifo/eth_data_fifo.xdc] for cell 'u3/arbi_inst/rx_buffer_inst/rx_fifo/U0'
Finished Parsing XDC File [d:/Work/Embedded/FPGA/Program/MAC/prj/ethernet_test/rgmii_ethernet/eth_test.srcs/sources_1/ip/eth_data_fifo/eth_data_fifo.xdc] for cell 'u3/arbi_inst/rx_buffer_inst/rx_fifo/U0'
Parsing XDC File [d:/Work/Embedded/FPGA/Program/MAC/prj/ethernet_test/rgmii_ethernet/eth_test.srcs/sources_1/ip/eth_data_fifo/eth_data_fifo.xdc] for cell 'u3/arbi_inst/tx_buffer_inst/tx_fifo/U0'
Finished Parsing XDC File [d:/Work/Embedded/FPGA/Program/MAC/prj/ethernet_test/rgmii_ethernet/eth_test.srcs/sources_1/ip/eth_data_fifo/eth_data_fifo.xdc] for cell 'u3/arbi_inst/tx_buffer_inst/tx_fifo/U0'
Parsing XDC File [d:/Work/Embedded/FPGA/Program/MAC/prj/ethernet_test/rgmii_ethernet/eth_test.srcs/sources_1/ip/eth_data_fifo/eth_data_fifo.xdc] for cell 'u4/arbi_inst/rx_buffer_inst/rx_fifo/U0'
Finished Parsing XDC File [d:/Work/Embedded/FPGA/Program/MAC/prj/ethernet_test/rgmii_ethernet/eth_test.srcs/sources_1/ip/eth_data_fifo/eth_data_fifo.xdc] for cell 'u4/arbi_inst/rx_buffer_inst/rx_fifo/U0'
Parsing XDC File [d:/Work/Embedded/FPGA/Program/MAC/prj/ethernet_test/rgmii_ethernet/eth_test.srcs/sources_1/ip/eth_data_fifo/eth_data_fifo.xdc] for cell 'u4/arbi_inst/tx_buffer_inst/tx_fifo/U0'
Finished Parsing XDC File [d:/Work/Embedded/FPGA/Program/MAC/prj/ethernet_test/rgmii_ethernet/eth_test.srcs/sources_1/ip/eth_data_fifo/eth_data_fifo.xdc] for cell 'u4/arbi_inst/tx_buffer_inst/tx_fifo/U0'
Parsing XDC File [d:/Work/Embedded/FPGA/Program/MAC/prj/ethernet_test/rgmii_ethernet/eth_test.srcs/sources_1/ip/len_fifo/len_fifo.xdc] for cell 'u1/arbi_inst/rx_buffer_inst/rx_len_fifo/U0'
Finished Parsing XDC File [d:/Work/Embedded/FPGA/Program/MAC/prj/ethernet_test/rgmii_ethernet/eth_test.srcs/sources_1/ip/len_fifo/len_fifo.xdc] for cell 'u1/arbi_inst/rx_buffer_inst/rx_len_fifo/U0'
Parsing XDC File [d:/Work/Embedded/FPGA/Program/MAC/prj/ethernet_test/rgmii_ethernet/eth_test.srcs/sources_1/ip/len_fifo/len_fifo.xdc] for cell 'u1/arbi_inst/tx_buffer_inst/tx_len_fifo/U0'
Finished Parsing XDC File [d:/Work/Embedded/FPGA/Program/MAC/prj/ethernet_test/rgmii_ethernet/eth_test.srcs/sources_1/ip/len_fifo/len_fifo.xdc] for cell 'u1/arbi_inst/tx_buffer_inst/tx_len_fifo/U0'
Parsing XDC File [d:/Work/Embedded/FPGA/Program/MAC/prj/ethernet_test/rgmii_ethernet/eth_test.srcs/sources_1/ip/len_fifo/len_fifo.xdc] for cell 'u2/arbi_inst/rx_buffer_inst/rx_len_fifo/U0'
Finished Parsing XDC File [d:/Work/Embedded/FPGA/Program/MAC/prj/ethernet_test/rgmii_ethernet/eth_test.srcs/sources_1/ip/len_fifo/len_fifo.xdc] for cell 'u2/arbi_inst/rx_buffer_inst/rx_len_fifo/U0'
Parsing XDC File [d:/Work/Embedded/FPGA/Program/MAC/prj/ethernet_test/rgmii_ethernet/eth_test.srcs/sources_1/ip/len_fifo/len_fifo.xdc] for cell 'u2/arbi_inst/tx_buffer_inst/tx_len_fifo/U0'
Finished Parsing XDC File [d:/Work/Embedded/FPGA/Program/MAC/prj/ethernet_test/rgmii_ethernet/eth_test.srcs/sources_1/ip/len_fifo/len_fifo.xdc] for cell 'u2/arbi_inst/tx_buffer_inst/tx_len_fifo/U0'
Parsing XDC File [d:/Work/Embedded/FPGA/Program/MAC/prj/ethernet_test/rgmii_ethernet/eth_test.srcs/sources_1/ip/len_fifo/len_fifo.xdc] for cell 'u3/arbi_inst/rx_buffer_inst/rx_len_fifo/U0'
Finished Parsing XDC File [d:/Work/Embedded/FPGA/Program/MAC/prj/ethernet_test/rgmii_ethernet/eth_test.srcs/sources_1/ip/len_fifo/len_fifo.xdc] for cell 'u3/arbi_inst/rx_buffer_inst/rx_len_fifo/U0'
Parsing XDC File [d:/Work/Embedded/FPGA/Program/MAC/prj/ethernet_test/rgmii_ethernet/eth_test.srcs/sources_1/ip/len_fifo/len_fifo.xdc] for cell 'u3/arbi_inst/tx_buffer_inst/tx_len_fifo/U0'
Finished Parsing XDC File [d:/Work/Embedded/FPGA/Program/MAC/prj/ethernet_test/rgmii_ethernet/eth_test.srcs/sources_1/ip/len_fifo/len_fifo.xdc] for cell 'u3/arbi_inst/tx_buffer_inst/tx_len_fifo/U0'
Parsing XDC File [d:/Work/Embedded/FPGA/Program/MAC/prj/ethernet_test/rgmii_ethernet/eth_test.srcs/sources_1/ip/len_fifo/len_fifo.xdc] for cell 'u4/arbi_inst/rx_buffer_inst/rx_len_fifo/U0'
Finished Parsing XDC File [d:/Work/Embedded/FPGA/Program/MAC/prj/ethernet_test/rgmii_ethernet/eth_test.srcs/sources_1/ip/len_fifo/len_fifo.xdc] for cell 'u4/arbi_inst/rx_buffer_inst/rx_len_fifo/U0'
Parsing XDC File [d:/Work/Embedded/FPGA/Program/MAC/prj/ethernet_test/rgmii_ethernet/eth_test.srcs/sources_1/ip/len_fifo/len_fifo.xdc] for cell 'u4/arbi_inst/tx_buffer_inst/tx_len_fifo/U0'
Finished Parsing XDC File [d:/Work/Embedded/FPGA/Program/MAC/prj/ethernet_test/rgmii_ethernet/eth_test.srcs/sources_1/ip/len_fifo/len_fifo.xdc] for cell 'u4/arbi_inst/tx_buffer_inst/tx_len_fifo/U0'
Parsing XDC File [d:/Work/Embedded/FPGA/Program/MAC/prj/ethernet_test/rgmii_ethernet/eth_test.srcs/sources_1/ip/udp_checksum_fifo/udp_checksum_fifo.xdc] for cell 'u1/mac_test0/mac_top0/mac_tx0/udp0/udp_tx_checksum/U0'
Finished Parsing XDC File [d:/Work/Embedded/FPGA/Program/MAC/prj/ethernet_test/rgmii_ethernet/eth_test.srcs/sources_1/ip/udp_checksum_fifo/udp_checksum_fifo.xdc] for cell 'u1/mac_test0/mac_top0/mac_tx0/udp0/udp_tx_checksum/U0'
Parsing XDC File [d:/Work/Embedded/FPGA/Program/MAC/prj/ethernet_test/rgmii_ethernet/eth_test.srcs/sources_1/ip/udp_checksum_fifo/udp_checksum_fifo.xdc] for cell 'u2/mac_test0/mac_top0/mac_tx0/udp0/udp_tx_checksum/U0'
Finished Parsing XDC File [d:/Work/Embedded/FPGA/Program/MAC/prj/ethernet_test/rgmii_ethernet/eth_test.srcs/sources_1/ip/udp_checksum_fifo/udp_checksum_fifo.xdc] for cell 'u2/mac_test0/mac_top0/mac_tx0/udp0/udp_tx_checksum/U0'
Parsing XDC File [d:/Work/Embedded/FPGA/Program/MAC/prj/ethernet_test/rgmii_ethernet/eth_test.srcs/sources_1/ip/udp_checksum_fifo/udp_checksum_fifo.xdc] for cell 'u3/mac_test0/mac_top0/mac_tx0/udp0/udp_tx_checksum/U0'
Finished Parsing XDC File [d:/Work/Embedded/FPGA/Program/MAC/prj/ethernet_test/rgmii_ethernet/eth_test.srcs/sources_1/ip/udp_checksum_fifo/udp_checksum_fifo.xdc] for cell 'u3/mac_test0/mac_top0/mac_tx0/udp0/udp_tx_checksum/U0'
Parsing XDC File [d:/Work/Embedded/FPGA/Program/MAC/prj/ethernet_test/rgmii_ethernet/eth_test.srcs/sources_1/ip/udp_checksum_fifo/udp_checksum_fifo.xdc] for cell 'u4/mac_test0/mac_top0/mac_tx0/udp0/udp_tx_checksum/U0'
Finished Parsing XDC File [d:/Work/Embedded/FPGA/Program/MAC/prj/ethernet_test/rgmii_ethernet/eth_test.srcs/sources_1/ip/udp_checksum_fifo/udp_checksum_fifo.xdc] for cell 'u4/mac_test0/mac_top0/mac_tx0/udp0/udp_tx_checksum/U0'
Parsing XDC File [d:/Work/Embedded/FPGA/Program/MAC/prj/ethernet_test/rgmii_ethernet/eth_test.srcs/sources_1/ip/udp_tx_data_fifo/udp_tx_data_fifo.xdc] for cell 'u1/mac_test0/mac_top0/mac_tx0/udp0/tx_data_fifo/U0'
Finished Parsing XDC File [d:/Work/Embedded/FPGA/Program/MAC/prj/ethernet_test/rgmii_ethernet/eth_test.srcs/sources_1/ip/udp_tx_data_fifo/udp_tx_data_fifo.xdc] for cell 'u1/mac_test0/mac_top0/mac_tx0/udp0/tx_data_fifo/U0'
Parsing XDC File [d:/Work/Embedded/FPGA/Program/MAC/prj/ethernet_test/rgmii_ethernet/eth_test.srcs/sources_1/ip/udp_tx_data_fifo/udp_tx_data_fifo.xdc] for cell 'u2/mac_test0/mac_top0/mac_tx0/udp0/tx_data_fifo/U0'
Finished Parsing XDC File [d:/Work/Embedded/FPGA/Program/MAC/prj/ethernet_test/rgmii_ethernet/eth_test.srcs/sources_1/ip/udp_tx_data_fifo/udp_tx_data_fifo.xdc] for cell 'u2/mac_test0/mac_top0/mac_tx0/udp0/tx_data_fifo/U0'
Parsing XDC File [d:/Work/Embedded/FPGA/Program/MAC/prj/ethernet_test/rgmii_ethernet/eth_test.srcs/sources_1/ip/udp_tx_data_fifo/udp_tx_data_fifo.xdc] for cell 'u3/mac_test0/mac_top0/mac_tx0/udp0/tx_data_fifo/U0'
Finished Parsing XDC File [d:/Work/Embedded/FPGA/Program/MAC/prj/ethernet_test/rgmii_ethernet/eth_test.srcs/sources_1/ip/udp_tx_data_fifo/udp_tx_data_fifo.xdc] for cell 'u3/mac_test0/mac_top0/mac_tx0/udp0/tx_data_fifo/U0'
Parsing XDC File [d:/Work/Embedded/FPGA/Program/MAC/prj/ethernet_test/rgmii_ethernet/eth_test.srcs/sources_1/ip/udp_tx_data_fifo/udp_tx_data_fifo.xdc] for cell 'u4/mac_test0/mac_top0/mac_tx0/udp0/tx_data_fifo/U0'
Finished Parsing XDC File [d:/Work/Embedded/FPGA/Program/MAC/prj/ethernet_test/rgmii_ethernet/eth_test.srcs/sources_1/ip/udp_tx_data_fifo/udp_tx_data_fifo.xdc] for cell 'u4/mac_test0/mac_top0/mac_tx0/udp0/tx_data_fifo/U0'
Parsing XDC File [D:/Work/Embedded/FPGA/Program/MAC/prj/ethernet_test/rgmii_ethernet/eth_test.srcs/constrs_1/new/top.xdc]
Finished Parsing XDC File [D:/Work/Embedded/FPGA/Program/MAC/prj/ethernet_test/rgmii_ethernet/eth_test.srcs/constrs_1/new/top.xdc]
Sourcing Tcl File [C:/Soft/Xilinx/Vivado/2019.1/data/ip/xpm/xpm_cdc/tcl/xpm_cdc_async_rst.tcl] for cell 'u1/arbi_inst/rx_buffer_inst/rx_fifo/U0/inst_fifo_gen/gconvfifo.rf/grf.rf/rstblk/ngwrdrst.grst.g7serrst.gnsckt_wrst.rst_wr_reg2_inst'
Finished Sourcing Tcl File [C:/Soft/Xilinx/Vivado/2019.1/data/ip/xpm/xpm_cdc/tcl/xpm_cdc_async_rst.tcl] for cell 'u1/arbi_inst/rx_buffer_inst/rx_fifo/U0/inst_fifo_gen/gconvfifo.rf/grf.rf/rstblk/ngwrdrst.grst.g7serrst.gnsckt_wrst.rst_wr_reg2_inst'
Sourcing Tcl File [C:/Soft/Xilinx/Vivado/2019.1/data/ip/xpm/xpm_cdc/tcl/xpm_cdc_async_rst.tcl] for cell 'u1/arbi_inst/tx_buffer_inst/tx_fifo/U0/inst_fifo_gen/gconvfifo.rf/grf.rf/rstblk/ngwrdrst.grst.g7serrst.gnsckt_wrst.rst_wr_reg2_inst'
Finished Sourcing Tcl File [C:/Soft/Xilinx/Vivado/2019.1/data/ip/xpm/xpm_cdc/tcl/xpm_cdc_async_rst.tcl] for cell 'u1/arbi_inst/tx_buffer_inst/tx_fifo/U0/inst_fifo_gen/gconvfifo.rf/grf.rf/rstblk/ngwrdrst.grst.g7serrst.gnsckt_wrst.rst_wr_reg2_inst'
Sourcing Tcl File [C:/Soft/Xilinx/Vivado/2019.1/data/ip/xpm/xpm_cdc/tcl/xpm_cdc_async_rst.tcl] for cell 'u2/arbi_inst/rx_buffer_inst/rx_fifo/U0/inst_fifo_gen/gconvfifo.rf/grf.rf/rstblk/ngwrdrst.grst.g7serrst.gnsckt_wrst.rst_wr_reg2_inst'
Finished Sourcing Tcl File [C:/Soft/Xilinx/Vivado/2019.1/data/ip/xpm/xpm_cdc/tcl/xpm_cdc_async_rst.tcl] for cell 'u2/arbi_inst/rx_buffer_inst/rx_fifo/U0/inst_fifo_gen/gconvfifo.rf/grf.rf/rstblk/ngwrdrst.grst.g7serrst.gnsckt_wrst.rst_wr_reg2_inst'
Sourcing Tcl File [C:/Soft/Xilinx/Vivado/2019.1/data/ip/xpm/xpm_cdc/tcl/xpm_cdc_async_rst.tcl] for cell 'u2/arbi_inst/tx_buffer_inst/tx_fifo/U0/inst_fifo_gen/gconvfifo.rf/grf.rf/rstblk/ngwrdrst.grst.g7serrst.gnsckt_wrst.rst_wr_reg2_inst'
Finished Sourcing Tcl File [C:/Soft/Xilinx/Vivado/2019.1/data/ip/xpm/xpm_cdc/tcl/xpm_cdc_async_rst.tcl] for cell 'u2/arbi_inst/tx_buffer_inst/tx_fifo/U0/inst_fifo_gen/gconvfifo.rf/grf.rf/rstblk/ngwrdrst.grst.g7serrst.gnsckt_wrst.rst_wr_reg2_inst'
Sourcing Tcl File [C:/Soft/Xilinx/Vivado/2019.1/data/ip/xpm/xpm_cdc/tcl/xpm_cdc_async_rst.tcl] for cell 'u3/arbi_inst/rx_buffer_inst/rx_fifo/U0/inst_fifo_gen/gconvfifo.rf/grf.rf/rstblk/ngwrdrst.grst.g7serrst.gnsckt_wrst.rst_wr_reg2_inst'
Finished Sourcing Tcl File [C:/Soft/Xilinx/Vivado/2019.1/data/ip/xpm/xpm_cdc/tcl/xpm_cdc_async_rst.tcl] for cell 'u3/arbi_inst/rx_buffer_inst/rx_fifo/U0/inst_fifo_gen/gconvfifo.rf/grf.rf/rstblk/ngwrdrst.grst.g7serrst.gnsckt_wrst.rst_wr_reg2_inst'
Sourcing Tcl File [C:/Soft/Xilinx/Vivado/2019.1/data/ip/xpm/xpm_cdc/tcl/xpm_cdc_async_rst.tcl] for cell 'u3/arbi_inst/tx_buffer_inst/tx_fifo/U0/inst_fifo_gen/gconvfifo.rf/grf.rf/rstblk/ngwrdrst.grst.g7serrst.gnsckt_wrst.rst_wr_reg2_inst'
Finished Sourcing Tcl File [C:/Soft/Xilinx/Vivado/2019.1/data/ip/xpm/xpm_cdc/tcl/xpm_cdc_async_rst.tcl] for cell 'u3/arbi_inst/tx_buffer_inst/tx_fifo/U0/inst_fifo_gen/gconvfifo.rf/grf.rf/rstblk/ngwrdrst.grst.g7serrst.gnsckt_wrst.rst_wr_reg2_inst'
Sourcing Tcl File [C:/Soft/Xilinx/Vivado/2019.1/data/ip/xpm/xpm_cdc/tcl/xpm_cdc_async_rst.tcl] for cell 'u4/arbi_inst/rx_buffer_inst/rx_fifo/U0/inst_fifo_gen/gconvfifo.rf/grf.rf/rstblk/ngwrdrst.grst.g7serrst.gnsckt_wrst.rst_wr_reg2_inst'
Finished Sourcing Tcl File [C:/Soft/Xilinx/Vivado/2019.1/data/ip/xpm/xpm_cdc/tcl/xpm_cdc_async_rst.tcl] for cell 'u4/arbi_inst/rx_buffer_inst/rx_fifo/U0/inst_fifo_gen/gconvfifo.rf/grf.rf/rstblk/ngwrdrst.grst.g7serrst.gnsckt_wrst.rst_wr_reg2_inst'
Sourcing Tcl File [C:/Soft/Xilinx/Vivado/2019.1/data/ip/xpm/xpm_cdc/tcl/xpm_cdc_async_rst.tcl] for cell 'u4/arbi_inst/tx_buffer_inst/tx_fifo/U0/inst_fifo_gen/gconvfifo.rf/grf.rf/rstblk/ngwrdrst.grst.g7serrst.gnsckt_wrst.rst_wr_reg2_inst'
Finished Sourcing Tcl File [C:/Soft/Xilinx/Vivado/2019.1/data/ip/xpm/xpm_cdc/tcl/xpm_cdc_async_rst.tcl] for cell 'u4/arbi_inst/tx_buffer_inst/tx_fifo/U0/inst_fifo_gen/gconvfifo.rf/grf.rf/rstblk/ngwrdrst.grst.g7serrst.gnsckt_wrst.rst_wr_reg2_inst'
Sourcing Tcl File [C:/Soft/Xilinx/Vivado/2019.1/data/ip/xpm/xpm_cdc/tcl/xpm_cdc_async_rst.tcl] for cell 'u1/arbi_inst/rx_buffer_inst/rx_len_fifo/U0/inst_fifo_gen/gconvfifo.rf/grf.rf/rstblk/ngwrdrst.grst.g7serrst.gnsckt_wrst.rst_wr_reg2_inst'
Finished Sourcing Tcl File [C:/Soft/Xilinx/Vivado/2019.1/data/ip/xpm/xpm_cdc/tcl/xpm_cdc_async_rst.tcl] for cell 'u1/arbi_inst/rx_buffer_inst/rx_len_fifo/U0/inst_fifo_gen/gconvfifo.rf/grf.rf/rstblk/ngwrdrst.grst.g7serrst.gnsckt_wrst.rst_wr_reg2_inst'
Sourcing Tcl File [C:/Soft/Xilinx/Vivado/2019.1/data/ip/xpm/xpm_cdc/tcl/xpm_cdc_async_rst.tcl] for cell 'u1/arbi_inst/tx_buffer_inst/tx_len_fifo/U0/inst_fifo_gen/gconvfifo.rf/grf.rf/rstblk/ngwrdrst.grst.g7serrst.gnsckt_wrst.rst_wr_reg2_inst'
Finished Sourcing Tcl File [C:/Soft/Xilinx/Vivado/2019.1/data/ip/xpm/xpm_cdc/tcl/xpm_cdc_async_rst.tcl] for cell 'u1/arbi_inst/tx_buffer_inst/tx_len_fifo/U0/inst_fifo_gen/gconvfifo.rf/grf.rf/rstblk/ngwrdrst.grst.g7serrst.gnsckt_wrst.rst_wr_reg2_inst'
Sourcing Tcl File [C:/Soft/Xilinx/Vivado/2019.1/data/ip/xpm/xpm_cdc/tcl/xpm_cdc_async_rst.tcl] for cell 'u2/arbi_inst/rx_buffer_inst/rx_len_fifo/U0/inst_fifo_gen/gconvfifo.rf/grf.rf/rstblk/ngwrdrst.grst.g7serrst.gnsckt_wrst.rst_wr_reg2_inst'
Finished Sourcing Tcl File [C:/Soft/Xilinx/Vivado/2019.1/data/ip/xpm/xpm_cdc/tcl/xpm_cdc_async_rst.tcl] for cell 'u2/arbi_inst/rx_buffer_inst/rx_len_fifo/U0/inst_fifo_gen/gconvfifo.rf/grf.rf/rstblk/ngwrdrst.grst.g7serrst.gnsckt_wrst.rst_wr_reg2_inst'
Sourcing Tcl File [C:/Soft/Xilinx/Vivado/2019.1/data/ip/xpm/xpm_cdc/tcl/xpm_cdc_async_rst.tcl] for cell 'u2/arbi_inst/tx_buffer_inst/tx_len_fifo/U0/inst_fifo_gen/gconvfifo.rf/grf.rf/rstblk/ngwrdrst.grst.g7serrst.gnsckt_wrst.rst_wr_reg2_inst'
Finished Sourcing Tcl File [C:/Soft/Xilinx/Vivado/2019.1/data/ip/xpm/xpm_cdc/tcl/xpm_cdc_async_rst.tcl] for cell 'u2/arbi_inst/tx_buffer_inst/tx_len_fifo/U0/inst_fifo_gen/gconvfifo.rf/grf.rf/rstblk/ngwrdrst.grst.g7serrst.gnsckt_wrst.rst_wr_reg2_inst'
Sourcing Tcl File [C:/Soft/Xilinx/Vivado/2019.1/data/ip/xpm/xpm_cdc/tcl/xpm_cdc_async_rst.tcl] for cell 'u3/arbi_inst/rx_buffer_inst/rx_len_fifo/U0/inst_fifo_gen/gconvfifo.rf/grf.rf/rstblk/ngwrdrst.grst.g7serrst.gnsckt_wrst.rst_wr_reg2_inst'
Finished Sourcing Tcl File [C:/Soft/Xilinx/Vivado/2019.1/data/ip/xpm/xpm_cdc/tcl/xpm_cdc_async_rst.tcl] for cell 'u3/arbi_inst/rx_buffer_inst/rx_len_fifo/U0/inst_fifo_gen/gconvfifo.rf/grf.rf/rstblk/ngwrdrst.grst.g7serrst.gnsckt_wrst.rst_wr_reg2_inst'
Sourcing Tcl File [C:/Soft/Xilinx/Vivado/2019.1/data/ip/xpm/xpm_cdc/tcl/xpm_cdc_async_rst.tcl] for cell 'u3/arbi_inst/tx_buffer_inst/tx_len_fifo/U0/inst_fifo_gen/gconvfifo.rf/grf.rf/rstblk/ngwrdrst.grst.g7serrst.gnsckt_wrst.rst_wr_reg2_inst'
Finished Sourcing Tcl File [C:/Soft/Xilinx/Vivado/2019.1/data/ip/xpm/xpm_cdc/tcl/xpm_cdc_async_rst.tcl] for cell 'u3/arbi_inst/tx_buffer_inst/tx_len_fifo/U0/inst_fifo_gen/gconvfifo.rf/grf.rf/rstblk/ngwrdrst.grst.g7serrst.gnsckt_wrst.rst_wr_reg2_inst'
Sourcing Tcl File [C:/Soft/Xilinx/Vivado/2019.1/data/ip/xpm/xpm_cdc/tcl/xpm_cdc_async_rst.tcl] for cell 'u4/arbi_inst/rx_buffer_inst/rx_len_fifo/U0/inst_fifo_gen/gconvfifo.rf/grf.rf/rstblk/ngwrdrst.grst.g7serrst.gnsckt_wrst.rst_wr_reg2_inst'
Finished Sourcing Tcl File [C:/Soft/Xilinx/Vivado/2019.1/data/ip/xpm/xpm_cdc/tcl/xpm_cdc_async_rst.tcl] for cell 'u4/arbi_inst/rx_buffer_inst/rx_len_fifo/U0/inst_fifo_gen/gconvfifo.rf/grf.rf/rstblk/ngwrdrst.grst.g7serrst.gnsckt_wrst.rst_wr_reg2_inst'
Sourcing Tcl File [C:/Soft/Xilinx/Vivado/2019.1/data/ip/xpm/xpm_cdc/tcl/xpm_cdc_async_rst.tcl] for cell 'u4/arbi_inst/tx_buffer_inst/tx_len_fifo/U0/inst_fifo_gen/gconvfifo.rf/grf.rf/rstblk/ngwrdrst.grst.g7serrst.gnsckt_wrst.rst_wr_reg2_inst'
Finished Sourcing Tcl File [C:/Soft/Xilinx/Vivado/2019.1/data/ip/xpm/xpm_cdc/tcl/xpm_cdc_async_rst.tcl] for cell 'u4/arbi_inst/tx_buffer_inst/tx_len_fifo/U0/inst_fifo_gen/gconvfifo.rf/grf.rf/rstblk/ngwrdrst.grst.g7serrst.gnsckt_wrst.rst_wr_reg2_inst'
INFO: [Opt 31-138] Pushed 0 inverter(s) to 0 load pin(s).
Netlist sorting complete. Time (s): cpu = 00:00:00 ; elapsed = 00:00:00.009 . Memory (MB): peak = 1996.328 ; gain = 0.000
INFO: [Project 1-111] Unisim Transformation Summary:
  A total of 4 instances were transformed.
  IOBUF => IOBUF (IBUF, OBUFT): 4 instances

open_run: Time (s): cpu = 00:00:26 ; elapsed = 00:00:21 . Memory (MB): peak = 2014.234 ; gain = 899.707
report_timing_summary -delay_type min_max -report_unconstrained -check_timing_verbose -max_paths 10 -input_pins -routable_nets -name timing_1
INFO: [Timing 38-35] Done setting XDC timing constraints.
INFO: [Timing 38-91] UpdateTimingParams: Speed grade: -2, Delay Type: min_max.
INFO: [Timing 38-191] Multithreading enabled for timing update using a maximum of 2 CPUs
reset_run synth_1
launch_runs impl_1 -jobs 16
INFO: [Vivado 12-4149] The synthesis checkpoint for IP 'D:/Work/Embedded/FPGA/Program/MAC/prj/ethernet_test/rgmii_ethernet/eth_test.srcs/sources_1/ip/sys_clk/sys_clk.xci' is already up-to-date
WARNING: [Project 1-478] Design 'synth_1' is stale and will not be used when launching 'impl_1'
[Tue Mar  1 16:07:31 2022] Launched synth_1...
Run output will be captured here: D:/Work/Embedded/FPGA/Program/MAC/prj/ethernet_test/rgmii_ethernet/eth_test.runs/synth_1/runme.log
[Tue Mar  1 16:07:31 2022] Launched impl_1...
Run output will be captured here: D:/Work/Embedded/FPGA/Program/MAC/prj/ethernet_test/rgmii_ethernet/eth_test.runs/impl_1/runme.log
close_design
open_run impl_1
INFO: [Netlist 29-17] Analyzing 2169 Unisim elements for replacement
INFO: [Netlist 29-28] Unisim Transformation completed in 0 CPU seconds
INFO: [Project 1-479] Netlist was created with Vivado 2019.1
INFO: [Project 1-570] Preparing netlist for logic optimization
INFO: [Timing 38-478] Restoring timing data from binary archive.
INFO: [Timing 38-479] Binary timing data restore complete.
INFO: [Project 1-856] Restoring constraints from binary archive.
INFO: [Project 1-853] Binary constraint restore complete.
Reading XDEF placement.
Reading placer database...
Reading XDEF routing.
Read XDEF File: Time (s): cpu = 00:00:02 ; elapsed = 00:00:02 . Memory (MB): peak = 2325.418 ; gain = 0.000
Restored from archive | CPU: 2.000000 secs | Memory: 0.000000 MB |
Finished XDEF File Restore: Time (s): cpu = 00:00:02 ; elapsed = 00:00:02 . Memory (MB): peak = 2325.418 ; gain = 0.000
Netlist sorting complete. Time (s): cpu = 00:00:00 ; elapsed = 00:00:00.009 . Memory (MB): peak = 2325.418 ; gain = 0.000
INFO: [Project 1-111] Unisim Transformation Summary:
  A total of 4 instances were transformed.
  IOBUF => IOBUF (IBUF, OBUFT): 4 instances

open_run: Time (s): cpu = 00:00:10 ; elapsed = 00:00:08 . Memory (MB): peak = 2326.348 ; gain = 0.930
open_report: Time (s): cpu = 00:00:16 ; elapsed = 00:00:09 . Memory (MB): peak = 2425.266 ; gain = 94.980
CRITICAL WARNING: [Timing 38-282] The design failed to meet the timing requirements. Please see the timing summary report for details on the timing violations.
exit
INFO: [Common 17-206] Exiting Vivado at Tue Mar  1 16:55:36 2022...
